{"/Users/neo/Desktop/product/rnmu/packages/components/src/Button/Button.tsx": {"path":"/Users/neo/Desktop/product/rnmu/packages/components/src/Button/Button.tsx","statementMap":{"0":{"start":{"line":7,"column":22},"end":{"line":7,"column":53}},"1":{"start":{"line":7,"column":28},"end":{"line":7,"column":53}}},"fnMap":{"0":{"name":"(anonymous_0)","decl":{"start":{"line":7,"column":22},"end":{"line":7,"column":23}},"loc":{"start":{"line":7,"column":28},"end":{"line":7,"column":53}},"line":7}},"branchMap":{},"s":{"0":1,"1":1},"f":{"0":1},"b":{},"_coverageSchema":"1a1c01bbd47fc00a2c39e90264f33305004495a9","hash":"27c25238c7f216f3d2ea1b4814e6a9d874e9ba1b"}
,"/Users/neo/Desktop/product/rnmu/packages/components/src/Button/index.tsx": {"path":"/Users/neo/Desktop/product/rnmu/packages/components/src/Button/index.tsx","statementMap":{},"fnMap":{},"branchMap":{},"s":{},"f":{},"b":{}}
,"/Users/neo/Desktop/product/rnmu/packages/components/src/Ripple/Ripple.tsx": {"path":"/Users/neo/Desktop/product/rnmu/packages/components/src/Ripple/Ripple.tsx","statementMap":{"0":{"start":{"line":12,"column":38},"end":{"line":112,"column":1}},"1":{"start":{"line":28,"column":6},"end":{"line":28,"column":11}},"2":{"start":{"line":29,"column":30},"end":{"line":32,"column":4}},"3":{"start":{"line":33,"column":32},"end":{"line":33,"column":67}},"4":{"start":{"line":34,"column":22},"end":{"line":34,"column":44}},"5":{"start":{"line":37,"column":30},"end":{"line":37,"column":54}},"6":{"start":{"line":38,"column":4},"end":{"line":41,"column":7}},"7":{"start":{"line":42,"column":4},"end":{"line":42,"column":22}},"8":{"start":{"line":46,"column":4},"end":{"line":46,"column":31}},"9":{"start":{"line":47,"column":19},"end":{"line":47,"column":74}},"10":{"start":{"line":48,"column":4},"end":{"line":52,"column":6}},"11":{"start":{"line":51,"column":18},"end":{"line":51,"column":69}},"12":{"start":{"line":51,"column":52},"end":{"line":51,"column":68}},"13":{"start":{"line":53,"column":4},"end":{"line":53,"column":50}},"14":{"start":{"line":53,"column":26},"end":{"line":53,"column":48}},"15":{"start":{"line":54,"column":4},"end":{"line":54,"column":21}},"16":{"start":{"line":58,"column":4},"end":{"line":58,"column":31}},"17":{"start":{"line":59,"column":19},"end":{"line":59,"column":74}},"18":{"start":{"line":60,"column":4},"end":{"line":60,"column":42}},"19":{"start":{"line":61,"column":4},"end":{"line":61,"column":50}},"20":{"start":{"line":61,"column":26},"end":{"line":61,"column":48}},"21":{"start":{"line":62,"column":4},"end":{"line":62,"column":25}},"22":{"start":{"line":66,"column":4},"end":{"line":78,"column":5}},"23":{"start":{"line":67,"column":6},"end":{"line":67,"column":34}},"24":{"start":{"line":68,"column":6},"end":{"line":77,"column":7}},"25":{"start":{"line":69,"column":29},"end":{"line":69,"column":56}},"26":{"start":{"line":70,"column":8},"end":{"line":76,"column":11}},"27":{"start":{"line":72,"column":12},"end":{"line":72,"column":75}},"28":{"start":{"line":73,"column":10},"end":{"line":75,"column":20}},"29":{"start":{"line":74,"column":12},"end":{"line":74,"column":52}},"30":{"start":{"line":74,"column":34},"end":{"line":74,"column":50}},"31":{"start":{"line":79,"column":4},"end":{"line":79,"column":24}},"32":{"start":{"line":82,"column":2},"end":{"line":111,"column":4}},"33":{"start":{"line":89,"column":24},"end":{"line":92,"column":7}},"34":{"start":{"line":95,"column":8},"end":{"line":108,"column":10}},"35":{"start":{"line":99,"column":14},"end":{"line":105,"column":16}}},"fnMap":{"0":{"name":"(anonymous_0)","decl":{"start":{"line":12,"column":38},"end":{"line":12,"column":39}},"loc":{"start":{"line":12,"column":47},"end":{"line":112,"column":1}},"line":12},"1":{"name":"handleLayout","decl":{"start":{"line":36,"column":11},"end":{"line":36,"column":23}},"loc":{"start":{"line":36,"column":50},"end":{"line":43,"column":3}},"line":36},"2":{"name":"handlePress","decl":{"start":{"line":45,"column":11},"end":{"line":45,"column":22}},"loc":{"start":{"line":45,"column":53},"end":{"line":55,"column":3}},"line":45},"3":{"name":"(anonymous_3)","decl":{"start":{"line":51,"column":6},"end":{"line":51,"column":7}},"loc":{"start":{"line":51,"column":18},"end":{"line":51,"column":69}},"line":51},"4":{"name":"(anonymous_4)","decl":{"start":{"line":51,"column":41},"end":{"line":51,"column":42}},"loc":{"start":{"line":51,"column":52},"end":{"line":51,"column":68}},"line":51},"5":{"name":"(anonymous_5)","decl":{"start":{"line":53,"column":15},"end":{"line":53,"column":16}},"loc":{"start":{"line":53,"column":26},"end":{"line":53,"column":48}},"line":53},"6":{"name":"handleLongPress","decl":{"start":{"line":57,"column":11},"end":{"line":57,"column":26}},"loc":{"start":{"line":57,"column":57},"end":{"line":63,"column":3}},"line":57},"7":{"name":"(anonymous_7)","decl":{"start":{"line":61,"column":15},"end":{"line":61,"column":16}},"loc":{"start":{"line":61,"column":26},"end":{"line":61,"column":48}},"line":61},"8":{"name":"handlePressOut","decl":{"start":{"line":65,"column":11},"end":{"line":65,"column":25}},"loc":{"start":{"line":65,"column":56},"end":{"line":80,"column":3}},"line":65},"9":{"name":"(anonymous_9)","decl":{"start":{"line":70,"column":24},"end":{"line":70,"column":25}},"loc":{"start":{"line":70,"column":34},"end":{"line":76,"column":9}},"line":70},"10":{"name":"(anonymous_10)","decl":{"start":{"line":73,"column":21},"end":{"line":73,"column":22}},"loc":{"start":{"line":73,"column":27},"end":{"line":75,"column":11}},"line":73},"11":{"name":"(anonymous_11)","decl":{"start":{"line":74,"column":23},"end":{"line":74,"column":24}},"loc":{"start":{"line":74,"column":34},"end":{"line":74,"column":50}},"line":74},"12":{"name":"(anonymous_12)","decl":{"start":{"line":89,"column":13},"end":{"line":89,"column":14}},"loc":{"start":{"line":89,"column":24},"end":{"line":92,"column":7}},"line":89},"13":{"name":"(anonymous_13)","decl":{"start":{"line":94,"column":7},"end":{"line":94,"column":8}},"loc":{"start":{"line":94,"column":18},"end":{"line":109,"column":7}},"line":94},"14":{"name":"(anonymous_14)","decl":{"start":{"line":98,"column":25},"end":{"line":98,"column":26}},"loc":{"start":{"line":99,"column":14},"end":{"line":105,"column":16}},"line":99}},"branchMap":{"0":{"loc":{"start":{"line":15,"column":4},"end":{"line":15,"column":22}},"type":"default-arg","locations":[{"start":{"line":15,"column":17},"end":{"line":15,"column":22}}],"line":15},"1":{"loc":{"start":{"line":16,"column":4},"end":{"line":16,"column":32}},"type":"default-arg","locations":[{"start":{"line":16,"column":18},"end":{"line":16,"column":32}}],"line":16},"2":{"loc":{"start":{"line":17,"column":4},"end":{"line":17,"column":22}},"type":"default-arg","locations":[{"start":{"line":17,"column":19},"end":{"line":17,"column":22}}],"line":17},"3":{"loc":{"start":{"line":18,"column":4},"end":{"line":18,"column":24}},"type":"default-arg","locations":[{"start":{"line":18,"column":21},"end":{"line":18,"column":24}}],"line":18},"4":{"loc":{"start":{"line":20,"column":4},"end":{"line":20,"column":20}},"type":"default-arg","locations":[{"start":{"line":20,"column":15},"end":{"line":20,"column":20}}],"line":20},"5":{"loc":{"start":{"line":21,"column":4},"end":{"line":21,"column":20}},"type":"default-arg","locations":[{"start":{"line":21,"column":15},"end":{"line":21,"column":20}}],"line":21},"6":{"loc":{"start":{"line":51,"column":18},"end":{"line":51,"column":69}},"type":"binary-expr","locations":[{"start":{"line":51,"column":18},"end":{"line":51,"column":26}},{"start":{"line":51,"column":30},"end":{"line":51,"column":69}}],"line":51},"7":{"loc":{"start":{"line":66,"column":4},"end":{"line":78,"column":5}},"type":"if","locations":[{"start":{"line":66,"column":4},"end":{"line":78,"column":5}},{"start":{},"end":{}}],"line":66},"8":{"loc":{"start":{"line":68,"column":6},"end":{"line":77,"column":7}},"type":"if","locations":[{"start":{"line":68,"column":6},"end":{"line":77,"column":7}},{"start":{},"end":{}}],"line":68},"9":{"loc":{"start":{"line":72,"column":12},"end":{"line":72,"column":75}},"type":"cond-expr","locations":[{"start":{"line":72,"column":57},"end":{"line":72,"column":58}},{"start":{"line":72,"column":61},"end":{"line":72,"column":75}}],"line":72},"10":{"loc":{"start":{"line":91,"column":8},"end":{"line":91,"column":50}},"type":"cond-expr","locations":[{"start":{"line":91,"column":28},"end":{"line":91,"column":42}},{"start":{"line":91,"column":45},"end":{"line":91,"column":50}}],"line":91},"11":{"loc":{"start":{"line":97,"column":13},"end":{"line":97,"column":64}},"type":"cond-expr","locations":[{"start":{"line":97,"column":36},"end":{"line":97,"column":53}},{"start":{"line":97,"column":56},"end":{"line":97,"column":64}}],"line":97}},"s":{"0":0,"1":0,"2":0,"3":0,"4":0,"5":0,"6":0,"7":0,"8":0,"9":0,"10":0,"11":0,"12":0,"13":0,"14":0,"15":0,"16":0,"17":0,"18":0,"19":0,"20":0,"21":0,"22":0,"23":0,"24":0,"25":0,"26":0,"27":0,"28":0,"29":0,"30":0,"31":0,"32":0,"33":0,"34":0,"35":0},"f":{"0":0,"1":0,"2":0,"3":0,"4":0,"5":0,"6":0,"7":0,"8":0,"9":0,"10":0,"11":0,"12":0,"13":0,"14":0},"b":{"0":[0],"1":[0],"2":[0],"3":[0],"4":[0],"5":[0],"6":[0,0],"7":[0,0],"8":[0,0],"9":[0,0],"10":[0,0],"11":[0,0]}}
,"/Users/neo/Desktop/product/rnmu/packages/components/src/Ripple/Ripple.web.tsx": {"path":"/Users/neo/Desktop/product/rnmu/packages/components/src/Ripple/Ripple.web.tsx","statementMap":{"0":{"start":{"line":12,"column":41},"end":{"line":94,"column":1}},"1":{"start":{"line":27,"column":6},"end":{"line":27,"column":11}},"2":{"start":{"line":28,"column":30},"end":{"line":31,"column":4}},"3":{"start":{"line":32,"column":32},"end":{"line":32,"column":67}},"4":{"start":{"line":35,"column":30},"end":{"line":35,"column":54}},"5":{"start":{"line":36,"column":4},"end":{"line":39,"column":7}},"6":{"start":{"line":40,"column":4},"end":{"line":40,"column":22}},"7":{"start":{"line":44,"column":19},"end":{"line":44,"column":74}},"8":{"start":{"line":45,"column":4},"end":{"line":45,"column":42}},"9":{"start":{"line":46,"column":4},"end":{"line":46,"column":50}},"10":{"start":{"line":46,"column":26},"end":{"line":46,"column":48}},"11":{"start":{"line":47,"column":4},"end":{"line":47,"column":22}},"12":{"start":{"line":51,"column":25},"end":{"line":51,"column":52}},"13":{"start":{"line":52,"column":4},"end":{"line":61,"column":5}},"14":{"start":{"line":55,"column":8},"end":{"line":57,"column":26}},"15":{"start":{"line":58,"column":6},"end":{"line":60,"column":16}},"16":{"start":{"line":59,"column":8},"end":{"line":59,"column":48}},"17":{"start":{"line":59,"column":30},"end":{"line":59,"column":46}},"18":{"start":{"line":62,"column":4},"end":{"line":62,"column":24}},"19":{"start":{"line":65,"column":2},"end":{"line":93,"column":4}},"20":{"start":{"line":70,"column":24},"end":{"line":73,"column":7}},"21":{"start":{"line":77,"column":8},"end":{"line":90,"column":10}},"22":{"start":{"line":81,"column":14},"end":{"line":87,"column":16}}},"fnMap":{"0":{"name":"(anonymous_0)","decl":{"start":{"line":12,"column":41},"end":{"line":12,"column":42}},"loc":{"start":{"line":12,"column":50},"end":{"line":94,"column":1}},"line":12},"1":{"name":"handleLayout","decl":{"start":{"line":34,"column":11},"end":{"line":34,"column":23}},"loc":{"start":{"line":34,"column":50},"end":{"line":41,"column":3}},"line":34},"2":{"name":"handlePressIn","decl":{"start":{"line":43,"column":11},"end":{"line":43,"column":24}},"loc":{"start":{"line":43,"column":55},"end":{"line":48,"column":3}},"line":43},"3":{"name":"(anonymous_3)","decl":{"start":{"line":46,"column":15},"end":{"line":46,"column":16}},"loc":{"start":{"line":46,"column":26},"end":{"line":46,"column":48}},"line":46},"4":{"name":"handlePressOut","decl":{"start":{"line":50,"column":11},"end":{"line":50,"column":25}},"loc":{"start":{"line":50,"column":56},"end":{"line":63,"column":3}},"line":50},"5":{"name":"(anonymous_5)","decl":{"start":{"line":58,"column":17},"end":{"line":58,"column":18}},"loc":{"start":{"line":58,"column":23},"end":{"line":60,"column":7}},"line":58},"6":{"name":"(anonymous_6)","decl":{"start":{"line":59,"column":19},"end":{"line":59,"column":20}},"loc":{"start":{"line":59,"column":30},"end":{"line":59,"column":46}},"line":59},"7":{"name":"(anonymous_7)","decl":{"start":{"line":70,"column":13},"end":{"line":70,"column":14}},"loc":{"start":{"line":70,"column":24},"end":{"line":73,"column":7}},"line":70},"8":{"name":"(anonymous_8)","decl":{"start":{"line":76,"column":7},"end":{"line":76,"column":8}},"loc":{"start":{"line":76,"column":18},"end":{"line":91,"column":7}},"line":76},"9":{"name":"(anonymous_9)","decl":{"start":{"line":80,"column":25},"end":{"line":80,"column":26}},"loc":{"start":{"line":81,"column":14},"end":{"line":87,"column":16}},"line":81}},"branchMap":{"0":{"loc":{"start":{"line":15,"column":4},"end":{"line":15,"column":22}},"type":"default-arg","locations":[{"start":{"line":15,"column":17},"end":{"line":15,"column":22}}],"line":15},"1":{"loc":{"start":{"line":16,"column":4},"end":{"line":16,"column":32}},"type":"default-arg","locations":[{"start":{"line":16,"column":18},"end":{"line":16,"column":32}}],"line":16},"2":{"loc":{"start":{"line":17,"column":4},"end":{"line":17,"column":22}},"type":"default-arg","locations":[{"start":{"line":17,"column":19},"end":{"line":17,"column":22}}],"line":17},"3":{"loc":{"start":{"line":18,"column":4},"end":{"line":18,"column":24}},"type":"default-arg","locations":[{"start":{"line":18,"column":21},"end":{"line":18,"column":24}}],"line":18},"4":{"loc":{"start":{"line":20,"column":4},"end":{"line":20,"column":20}},"type":"default-arg","locations":[{"start":{"line":20,"column":15},"end":{"line":20,"column":20}}],"line":20},"5":{"loc":{"start":{"line":21,"column":4},"end":{"line":21,"column":20}},"type":"default-arg","locations":[{"start":{"line":21,"column":15},"end":{"line":21,"column":20}}],"line":21},"6":{"loc":{"start":{"line":52,"column":4},"end":{"line":61,"column":5}},"type":"if","locations":[{"start":{"line":52,"column":4},"end":{"line":61,"column":5}},{"start":{},"end":{}}],"line":52},"7":{"loc":{"start":{"line":55,"column":8},"end":{"line":57,"column":26}},"type":"cond-expr","locations":[{"start":{"line":56,"column":12},"end":{"line":56,"column":13}},{"start":{"line":57,"column":12},"end":{"line":57,"column":26}}],"line":55},"8":{"loc":{"start":{"line":55,"column":8},"end":{"line":55,"column":78}},"type":"binary-expr","locations":[{"start":{"line":55,"column":8},"end":{"line":55,"column":28}},{"start":{"line":55,"column":32},"end":{"line":55,"column":78}}],"line":55},"9":{"loc":{"start":{"line":72,"column":8},"end":{"line":72,"column":50}},"type":"cond-expr","locations":[{"start":{"line":72,"column":28},"end":{"line":72,"column":42}},{"start":{"line":72,"column":45},"end":{"line":72,"column":50}}],"line":72},"10":{"loc":{"start":{"line":79,"column":13},"end":{"line":79,"column":64}},"type":"cond-expr","locations":[{"start":{"line":79,"column":36},"end":{"line":79,"column":53}},{"start":{"line":79,"column":56},"end":{"line":79,"column":64}}],"line":79}},"s":{"0":0,"1":0,"2":0,"3":0,"4":0,"5":0,"6":0,"7":0,"8":0,"9":0,"10":0,"11":0,"12":0,"13":0,"14":0,"15":0,"16":0,"17":0,"18":0,"19":0,"20":0,"21":0,"22":0},"f":{"0":0,"1":0,"2":0,"3":0,"4":0,"5":0,"6":0,"7":0,"8":0,"9":0},"b":{"0":[0],"1":[0],"2":[0],"3":[0],"4":[0],"5":[0],"6":[0,0],"7":[0,0],"8":[0,0],"9":[0,0],"10":[0,0]}}
,"/Users/neo/Desktop/product/rnmu/packages/components/src/Ripple/RippleElement.tsx": {"path":"/Users/neo/Desktop/product/rnmu/packages/components/src/Ripple/RippleElement.tsx","statementMap":{"0":{"start":{"line":5,"column":59},"end":{"line":31,"column":1}},"1":{"start":{"line":11,"column":6},"end":{"line":11,"column":11}},"2":{"start":{"line":13,"column":24},"end":{"line":26,"column":3}},"3":{"start":{"line":28,"column":2},"end":{"line":30,"column":4}},"4":{"start":{"line":33,"column":22},"end":{"line":38,"column":2}}},"fnMap":{"0":{"name":"(anonymous_0)","decl":{"start":{"line":5,"column":59},"end":{"line":5,"column":60}},"loc":{"start":{"line":5,"column":68},"end":{"line":31,"column":1}},"line":5}},"branchMap":{"0":{"loc":{"start":{"line":25,"column":12},"end":{"line":25,"column":33}},"type":"cond-expr","locations":[{"start":{"line":25,"column":27},"end":{"line":25,"column":29}},{"start":{"line":25,"column":32},"end":{"line":25,"column":33}}],"line":25}},"s":{"0":0,"1":0,"2":0,"3":0,"4":0},"f":{"0":0},"b":{"0":[0,0]}}
,"/Users/neo/Desktop/product/rnmu/packages/components/src/Ripple/index.tsx": {"path":"/Users/neo/Desktop/product/rnmu/packages/components/src/Ripple/index.tsx","statementMap":{"0":{"start":{"line":12,"column":15},"end":{"line":12,"column":47}}},"fnMap":{},"branchMap":{"0":{"loc":{"start":{"line":12,"column":15},"end":{"line":12,"column":47}},"type":"cond-expr","locations":[{"start":{"line":12,"column":23},"end":{"line":12,"column":32}},{"start":{"line":12,"column":35},"end":{"line":12,"column":47}}],"line":12}},"s":{"0":0},"f":{},"b":{"0":[0,0]}}
}
