{"/Users/zzz/Coder/rnmu/packages/components/src/Button/Button.tsx": {"path":"/Users/zzz/Coder/rnmu/packages/components/src/Button/Button.tsx","statementMap":{"0":{"start":{"line":52,"column":39},"end":{"line":107,"column":1}},"1":{"start":{"line":66,"column":23},"end":{"line":75,"column":3}},"2":{"start":{"line":77,"column":49},"end":{"line":82,"column":3}},"3":{"start":{"line":78,"column":4},"end":{"line":78,"column":24}},"4":{"start":{"line":79,"column":4},"end":{"line":81,"column":5}},"5":{"start":{"line":80,"column":6},"end":{"line":80,"column":23}},"6":{"start":{"line":84,"column":2},"end":{"line":106,"column":4}},"7":{"start":{"line":115,"column":2},"end":{"line":115,"column":59}}},"fnMap":{"0":{"name":"(anonymous_0)","decl":{"start":{"line":52,"column":39},"end":{"line":52,"column":40}},"loc":{"start":{"line":65,"column":6},"end":{"line":107,"column":1}},"line":65},"1":{"name":"(anonymous_1)","decl":{"start":{"line":77,"column":49},"end":{"line":77,"column":50}},"loc":{"start":{"line":77,"column":58},"end":{"line":82,"column":3}},"line":77},"2":{"name":"IconWrapper","decl":{"start":{"line":114,"column":9},"end":{"line":114,"column":20}},"loc":{"start":{"line":114,"column":46},"end":{"line":116,"column":1}},"line":114}},"branchMap":{"0":{"loc":{"start":{"line":53,"column":2},"end":{"line":53,"column":18}},"type":"default-arg","locations":[{"start":{"line":53,"column":12},"end":{"line":53,"column":18}}],"line":53},"1":{"loc":{"start":{"line":55,"column":2},"end":{"line":55,"column":37}},"type":"default-arg","locations":[{"start":{"line":55,"column":16},"end":{"line":55,"column":37}}],"line":55},"2":{"loc":{"start":{"line":79,"column":4},"end":{"line":81,"column":5}},"type":"if","locations":[{"start":{"line":79,"column":4},"end":{"line":81,"column":5}},{"start":{},"end":{}}],"line":79},"3":{"loc":{"start":{"line":79,"column":8},"end":{"line":79,"column":49}},"type":"binary-expr","locations":[{"start":{"line":79,"column":8},"end":{"line":79,"column":16}},{"start":{"line":79,"column":20},"end":{"line":79,"column":29}},{"start":{"line":79,"column":33},"end":{"line":79,"column":49}}],"line":79},"4":{"loc":{"start":{"line":91,"column":7},"end":{"line":93,"column":7}},"type":"binary-expr","locations":[{"start":{"line":91,"column":7},"end":{"line":91,"column":15}},{"start":{"line":91,"column":19},"end":{"line":91,"column":37}},{"start":{"line":92,"column":8},"end":{"line":92,"column":77}}],"line":91},"5":{"loc":{"start":{"line":94,"column":7},"end":{"line":98,"column":7}},"type":"binary-expr","locations":[{"start":{"line":94,"column":7},"end":{"line":94,"column":14}},{"start":{"line":95,"column":8},"end":{"line":97,"column":22}}],"line":94},"6":{"loc":{"start":{"line":100,"column":9},"end":{"line":100,"column":56}},"type":"cond-expr","locations":[{"start":{"line":100,"column":34},"end":{"line":100,"column":45}},{"start":{"line":100,"column":48},"end":{"line":100,"column":56}}],"line":100},"7":{"loc":{"start":{"line":100,"column":9},"end":{"line":100,"column":31}},"type":"binary-expr","locations":[{"start":{"line":100,"column":9},"end":{"line":100,"column":16}},{"start":{"line":100,"column":20},"end":{"line":100,"column":31}}],"line":100},"8":{"loc":{"start":{"line":102,"column":7},"end":{"line":104,"column":7}},"type":"binary-expr","locations":[{"start":{"line":102,"column":7},"end":{"line":102,"column":15}},{"start":{"line":102,"column":19},"end":{"line":102,"column":35}},{"start":{"line":103,"column":8},"end":{"line":103,"column":73}}],"line":102}},"s":{"0":0,"1":0,"2":0,"3":0,"4":0,"5":0,"6":0,"7":0},"f":{"0":0,"1":0,"2":0},"b":{"0":[0],"1":[0],"2":[0,0],"3":[0,0,0],"4":[0,0,0],"5":[0,0],"6":[0,0],"7":[0,0],"8":[0,0,0]}}
,"/Users/zzz/Coder/rnmu/packages/components/src/Button/index.tsx": {"path":"/Users/zzz/Coder/rnmu/packages/components/src/Button/index.tsx","statementMap":{},"fnMap":{},"branchMap":{},"s":{},"f":{},"b":{}}
,"/Users/zzz/Coder/rnmu/packages/components/src/Elevation/index.tsx": {"path":"/Users/zzz/Coder/rnmu/packages/components/src/Elevation/index.tsx","statementMap":{"0":{"start":{"line":11,"column":38},"end":{"line":15,"column":1}},"1":{"start":{"line":14,"column":2},"end":{"line":14,"column":51}}},"fnMap":{"0":{"name":"(anonymous_0)","decl":{"start":{"line":11,"column":38},"end":{"line":11,"column":39}},"loc":{"start":{"line":11,"column":56},"end":{"line":15,"column":1}},"line":11}},"branchMap":{},"s":{"0":0,"1":0},"f":{"0":0},"b":{}}
,"/Users/zzz/Coder/rnmu/packages/components/src/Icon/Icon.tsx": {"path":"/Users/zzz/Coder/rnmu/packages/components/src/Icon/Icon.tsx","statementMap":{"0":{"start":{"line":15,"column":2},"end":{"line":20,"column":4}},"1":{"start":{"line":23,"column":35},"end":{"line":31,"column":1}},"2":{"start":{"line":24,"column":21},"end":{"line":24,"column":26}},"3":{"start":{"line":26,"column":2},"end":{"line":28,"column":3}},"4":{"start":{"line":27,"column":4},"end":{"line":27,"column":80}},"5":{"start":{"line":30,"column":2},"end":{"line":30,"column":23}}},"fnMap":{"0":{"name":"isImageSource","decl":{"start":{"line":14,"column":9},"end":{"line":14,"column":22}},"loc":{"start":{"line":14,"column":46},"end":{"line":21,"column":1}},"line":14},"1":{"name":"(anonymous_1)","decl":{"start":{"line":23,"column":35},"end":{"line":23,"column":36}},"loc":{"start":{"line":23,"column":44},"end":{"line":31,"column":1}},"line":23}},"branchMap":{"0":{"loc":{"start":{"line":16,"column":4},"end":{"line":19,"column":39}},"type":"binary-expr","locations":[{"start":{"line":16,"column":4},"end":{"line":16,"column":28}},{"start":{"line":17,"column":5},"end":{"line":17,"column":29}},{"start":{"line":18,"column":7},"end":{"line":18,"column":49}},{"start":{"line":19,"column":8},"end":{"line":19,"column":37}}],"line":16},"1":{"loc":{"start":{"line":26,"column":2},"end":{"line":28,"column":3}},"type":"if","locations":[{"start":{"line":26,"column":2},"end":{"line":28,"column":3}},{"start":{},"end":{}}],"line":26}},"s":{"0":0,"1":0,"2":0,"3":0,"4":0,"5":0},"f":{"0":0,"1":0},"b":{"0":[0,0,0,0],"1":[0,0]}}
,"/Users/zzz/Coder/rnmu/packages/components/src/Icon/index.tsx": {"path":"/Users/zzz/Coder/rnmu/packages/components/src/Icon/index.tsx","statementMap":{},"fnMap":{},"branchMap":{},"s":{},"f":{},"b":{}}
,"/Users/zzz/Coder/rnmu/packages/components/src/Ripple/Ripple.tsx": {"path":"/Users/zzz/Coder/rnmu/packages/components/src/Ripple/Ripple.tsx","statementMap":{"0":{"start":{"line":12,"column":38},"end":{"line":116,"column":1}},"1":{"start":{"line":28,"column":6},"end":{"line":28,"column":11}},"2":{"start":{"line":29,"column":30},"end":{"line":32,"column":4}},"3":{"start":{"line":33,"column":32},"end":{"line":33,"column":67}},"4":{"start":{"line":34,"column":22},"end":{"line":34,"column":44}},"5":{"start":{"line":37,"column":30},"end":{"line":37,"column":54}},"6":{"start":{"line":38,"column":4},"end":{"line":41,"column":7}},"7":{"start":{"line":42,"column":4},"end":{"line":42,"column":22}},"8":{"start":{"line":46,"column":4},"end":{"line":55,"column":5}},"9":{"start":{"line":47,"column":6},"end":{"line":47,"column":34}},"10":{"start":{"line":48,"column":21},"end":{"line":48,"column":76}},"11":{"start":{"line":49,"column":6},"end":{"line":53,"column":8}},"12":{"start":{"line":52,"column":20},"end":{"line":52,"column":71}},"13":{"start":{"line":52,"column":54},"end":{"line":52,"column":70}},"14":{"start":{"line":54,"column":6},"end":{"line":54,"column":52}},"15":{"start":{"line":54,"column":28},"end":{"line":54,"column":50}},"16":{"start":{"line":56,"column":4},"end":{"line":56,"column":21}},"17":{"start":{"line":60,"column":4},"end":{"line":65,"column":5}},"18":{"start":{"line":61,"column":6},"end":{"line":61,"column":33}},"19":{"start":{"line":62,"column":21},"end":{"line":62,"column":76}},"20":{"start":{"line":63,"column":6},"end":{"line":63,"column":44}},"21":{"start":{"line":64,"column":6},"end":{"line":64,"column":52}},"22":{"start":{"line":64,"column":28},"end":{"line":64,"column":50}},"23":{"start":{"line":66,"column":4},"end":{"line":66,"column":25}},"24":{"start":{"line":70,"column":4},"end":{"line":82,"column":5}},"25":{"start":{"line":71,"column":6},"end":{"line":71,"column":34}},"26":{"start":{"line":72,"column":6},"end":{"line":81,"column":7}},"27":{"start":{"line":73,"column":29},"end":{"line":73,"column":56}},"28":{"start":{"line":74,"column":8},"end":{"line":80,"column":11}},"29":{"start":{"line":76,"column":12},"end":{"line":76,"column":75}},"30":{"start":{"line":77,"column":10},"end":{"line":79,"column":20}},"31":{"start":{"line":78,"column":12},"end":{"line":78,"column":52}},"32":{"start":{"line":78,"column":34},"end":{"line":78,"column":50}},"33":{"start":{"line":83,"column":4},"end":{"line":83,"column":24}},"34":{"start":{"line":86,"column":2},"end":{"line":115,"column":4}},"35":{"start":{"line":92,"column":24},"end":{"line":95,"column":7}},"36":{"start":{"line":99,"column":8},"end":{"line":112,"column":10}},"37":{"start":{"line":103,"column":14},"end":{"line":109,"column":16}}},"fnMap":{"0":{"name":"(anonymous_0)","decl":{"start":{"line":12,"column":38},"end":{"line":12,"column":39}},"loc":{"start":{"line":12,"column":47},"end":{"line":116,"column":1}},"line":12},"1":{"name":"handleLayout","decl":{"start":{"line":36,"column":11},"end":{"line":36,"column":23}},"loc":{"start":{"line":36,"column":50},"end":{"line":43,"column":3}},"line":36},"2":{"name":"handlePress","decl":{"start":{"line":45,"column":11},"end":{"line":45,"column":22}},"loc":{"start":{"line":45,"column":53},"end":{"line":57,"column":3}},"line":45},"3":{"name":"(anonymous_3)","decl":{"start":{"line":52,"column":8},"end":{"line":52,"column":9}},"loc":{"start":{"line":52,"column":20},"end":{"line":52,"column":71}},"line":52},"4":{"name":"(anonymous_4)","decl":{"start":{"line":52,"column":43},"end":{"line":52,"column":44}},"loc":{"start":{"line":52,"column":54},"end":{"line":52,"column":70}},"line":52},"5":{"name":"(anonymous_5)","decl":{"start":{"line":54,"column":17},"end":{"line":54,"column":18}},"loc":{"start":{"line":54,"column":28},"end":{"line":54,"column":50}},"line":54},"6":{"name":"handleLongPress","decl":{"start":{"line":59,"column":11},"end":{"line":59,"column":26}},"loc":{"start":{"line":59,"column":57},"end":{"line":67,"column":3}},"line":59},"7":{"name":"(anonymous_7)","decl":{"start":{"line":64,"column":17},"end":{"line":64,"column":18}},"loc":{"start":{"line":64,"column":28},"end":{"line":64,"column":50}},"line":64},"8":{"name":"handlePressOut","decl":{"start":{"line":69,"column":11},"end":{"line":69,"column":25}},"loc":{"start":{"line":69,"column":56},"end":{"line":84,"column":3}},"line":69},"9":{"name":"(anonymous_9)","decl":{"start":{"line":74,"column":24},"end":{"line":74,"column":25}},"loc":{"start":{"line":74,"column":34},"end":{"line":80,"column":9}},"line":74},"10":{"name":"(anonymous_10)","decl":{"start":{"line":77,"column":21},"end":{"line":77,"column":22}},"loc":{"start":{"line":77,"column":27},"end":{"line":79,"column":11}},"line":77},"11":{"name":"(anonymous_11)","decl":{"start":{"line":78,"column":23},"end":{"line":78,"column":24}},"loc":{"start":{"line":78,"column":34},"end":{"line":78,"column":50}},"line":78},"12":{"name":"(anonymous_12)","decl":{"start":{"line":92,"column":13},"end":{"line":92,"column":14}},"loc":{"start":{"line":92,"column":24},"end":{"line":95,"column":7}},"line":92},"13":{"name":"(anonymous_13)","decl":{"start":{"line":98,"column":7},"end":{"line":98,"column":8}},"loc":{"start":{"line":98,"column":18},"end":{"line":113,"column":7}},"line":98},"14":{"name":"(anonymous_14)","decl":{"start":{"line":102,"column":25},"end":{"line":102,"column":26}},"loc":{"start":{"line":103,"column":14},"end":{"line":109,"column":16}},"line":103}},"branchMap":{"0":{"loc":{"start":{"line":15,"column":4},"end":{"line":15,"column":22}},"type":"default-arg","locations":[{"start":{"line":15,"column":17},"end":{"line":15,"column":22}}],"line":15},"1":{"loc":{"start":{"line":16,"column":4},"end":{"line":16,"column":32}},"type":"default-arg","locations":[{"start":{"line":16,"column":18},"end":{"line":16,"column":32}}],"line":16},"2":{"loc":{"start":{"line":17,"column":4},"end":{"line":17,"column":22}},"type":"default-arg","locations":[{"start":{"line":17,"column":19},"end":{"line":17,"column":22}}],"line":17},"3":{"loc":{"start":{"line":18,"column":4},"end":{"line":18,"column":24}},"type":"default-arg","locations":[{"start":{"line":18,"column":21},"end":{"line":18,"column":24}}],"line":18},"4":{"loc":{"start":{"line":20,"column":4},"end":{"line":20,"column":20}},"type":"default-arg","locations":[{"start":{"line":20,"column":15},"end":{"line":20,"column":20}}],"line":20},"5":{"loc":{"start":{"line":21,"column":4},"end":{"line":21,"column":25}},"type":"default-arg","locations":[{"start":{"line":21,"column":20},"end":{"line":21,"column":25}}],"line":21},"6":{"loc":{"start":{"line":46,"column":4},"end":{"line":55,"column":5}},"type":"if","locations":[{"start":{"line":46,"column":4},"end":{"line":55,"column":5}},{"start":{},"end":{}}],"line":46},"7":{"loc":{"start":{"line":52,"column":20},"end":{"line":52,"column":71}},"type":"binary-expr","locations":[{"start":{"line":52,"column":20},"end":{"line":52,"column":28}},{"start":{"line":52,"column":32},"end":{"line":52,"column":71}}],"line":52},"8":{"loc":{"start":{"line":60,"column":4},"end":{"line":65,"column":5}},"type":"if","locations":[{"start":{"line":60,"column":4},"end":{"line":65,"column":5}},{"start":{},"end":{}}],"line":60},"9":{"loc":{"start":{"line":70,"column":4},"end":{"line":82,"column":5}},"type":"if","locations":[{"start":{"line":70,"column":4},"end":{"line":82,"column":5}},{"start":{},"end":{}}],"line":70},"10":{"loc":{"start":{"line":72,"column":6},"end":{"line":81,"column":7}},"type":"if","locations":[{"start":{"line":72,"column":6},"end":{"line":81,"column":7}},{"start":{},"end":{}}],"line":72},"11":{"loc":{"start":{"line":76,"column":12},"end":{"line":76,"column":75}},"type":"cond-expr","locations":[{"start":{"line":76,"column":57},"end":{"line":76,"column":58}},{"start":{"line":76,"column":61},"end":{"line":76,"column":75}}],"line":76},"12":{"loc":{"start":{"line":94,"column":8},"end":{"line":94,"column":50}},"type":"cond-expr","locations":[{"start":{"line":94,"column":28},"end":{"line":94,"column":42}},{"start":{"line":94,"column":45},"end":{"line":94,"column":50}}],"line":94},"13":{"loc":{"start":{"line":101,"column":13},"end":{"line":101,"column":64}},"type":"cond-expr","locations":[{"start":{"line":101,"column":36},"end":{"line":101,"column":53}},{"start":{"line":101,"column":56},"end":{"line":101,"column":64}}],"line":101}},"s":{"0":0,"1":0,"2":0,"3":0,"4":0,"5":0,"6":0,"7":0,"8":0,"9":0,"10":0,"11":0,"12":0,"13":0,"14":0,"15":0,"16":0,"17":0,"18":0,"19":0,"20":0,"21":0,"22":0,"23":0,"24":0,"25":0,"26":0,"27":0,"28":0,"29":0,"30":0,"31":0,"32":0,"33":0,"34":0,"35":0,"36":0,"37":0},"f":{"0":0,"1":0,"2":0,"3":0,"4":0,"5":0,"6":0,"7":0,"8":0,"9":0,"10":0,"11":0,"12":0,"13":0,"14":0},"b":{"0":[0],"1":[0],"2":[0],"3":[0],"4":[0],"5":[0],"6":[0,0],"7":[0,0],"8":[0,0],"9":[0,0],"10":[0,0],"11":[0,0],"12":[0,0],"13":[0,0]}}
,"/Users/zzz/Coder/rnmu/packages/components/src/Ripple/RippleElement.tsx": {"path":"/Users/zzz/Coder/rnmu/packages/components/src/Ripple/RippleElement.tsx","statementMap":{"0":{"start":{"line":5,"column":52},"end":{"line":34,"column":1}},"1":{"start":{"line":11,"column":6},"end":{"line":11,"column":11}},"2":{"start":{"line":13,"column":24},"end":{"line":26,"column":3}},"3":{"start":{"line":28,"column":2},"end":{"line":33,"column":4}},"4":{"start":{"line":38,"column":22},"end":{"line":43,"column":2}}},"fnMap":{"0":{"name":"(anonymous_0)","decl":{"start":{"line":5,"column":52},"end":{"line":5,"column":53}},"loc":{"start":{"line":5,"column":61},"end":{"line":34,"column":1}},"line":5}},"branchMap":{"0":{"loc":{"start":{"line":25,"column":12},"end":{"line":25,"column":33}},"type":"cond-expr","locations":[{"start":{"line":25,"column":27},"end":{"line":25,"column":29}},{"start":{"line":25,"column":32},"end":{"line":25,"column":33}}],"line":25}},"s":{"0":0,"1":0,"2":0,"3":0,"4":0},"f":{"0":0},"b":{"0":[0,0]}}
,"/Users/zzz/Coder/rnmu/packages/components/src/Ripple/index.tsx": {"path":"/Users/zzz/Coder/rnmu/packages/components/src/Ripple/index.tsx","statementMap":{},"fnMap":{},"branchMap":{},"s":{},"f":{},"b":{}}
,"/Users/zzz/Coder/rnmu/packages/components/src/Style/theming.tsx": {"path":"/Users/zzz/Coder/rnmu/packages/components/src/Style/theming.tsx","statementMap":{"0":{"start":{"line":21,"column":49},"end":{"line":23,"column":1}},"1":{"start":{"line":25,"column":21},"end":{"line":25,"column":76}},"2":{"start":{"line":32,"column":53},"end":{"line":43,"column":1}},"3":{"start":{"line":33,"column":22},"end":{"line":33,"column":46}},"4":{"start":{"line":34,"column":24},"end":{"line":37,"column":3}},"5":{"start":{"line":35,"column":10},"end":{"line":35,"column":39}},"6":{"start":{"line":38,"column":2},"end":{"line":42,"column":4}},"7":{"start":{"line":45,"column":24},"end":{"line":47,"column":1}},"8":{"start":{"line":46,"column":2},"end":{"line":46,"column":34}}},"fnMap":{"0":{"name":"(anonymous_0)","decl":{"start":{"line":32,"column":53},"end":{"line":32,"column":54}},"loc":{"start":{"line":32,"column":78},"end":{"line":43,"column":1}},"line":32},"1":{"name":"(anonymous_1)","decl":{"start":{"line":35,"column":4},"end":{"line":35,"column":5}},"loc":{"start":{"line":35,"column":10},"end":{"line":35,"column":39}},"line":35},"2":{"name":"(anonymous_2)","decl":{"start":{"line":45,"column":24},"end":{"line":45,"column":25}},"loc":{"start":{"line":45,"column":30},"end":{"line":47,"column":1}},"line":45}},"branchMap":{},"s":{"0":0,"1":0,"2":0,"3":0,"4":0,"5":0,"6":0,"7":0,"8":0},"f":{"0":0,"1":0,"2":0},"b":{}}
}
