TN:
SF:src/Button/Button.tsx
FN:52,(anonymous_0)
FN:77,(anonymous_1)
FN:114,IconWrapper
FNF:3
FNH:0
FNDA:0,(anonymous_0)
FNDA:0,(anonymous_1)
FNDA:0,IconWrapper
DA:52,0
DA:66,0
DA:77,0
DA:78,0
DA:79,0
DA:80,0
DA:84,0
DA:115,0
LF:8
LH:0
BRDA:53,0,0,0
BRDA:55,1,0,0
BRDA:79,2,0,0
BRDA:79,2,1,0
BRDA:79,3,0,0
BRDA:79,3,1,0
BRDA:79,3,2,0
BRDA:91,4,0,0
BRDA:91,4,1,0
BRDA:91,4,2,0
BRDA:94,5,0,0
BRDA:94,5,1,0
BRDA:100,6,0,0
BRDA:100,6,1,0
BRDA:100,7,0,0
BRDA:100,7,1,0
BRDA:102,8,0,0
BRDA:102,8,1,0
BRDA:102,8,2,0
BRF:19
BRH:0
end_of_record
TN:
SF:src/Button/index.tsx
FNF:0
FNH:0
LF:0
LH:0
BRF:0
BRH:0
end_of_record
TN:
SF:src/Elevation/index.tsx
FN:11,(anonymous_0)
FNF:1
FNH:0
FNDA:0,(anonymous_0)
DA:11,0
DA:14,0
LF:2
LH:0
BRF:0
BRH:0
end_of_record
TN:
SF:src/Icon/Icon.tsx
FN:14,isImageSource
FN:23,(anonymous_1)
FNF:2
FNH:0
FNDA:0,isImageSource
FNDA:0,(anonymous_1)
DA:15,0
DA:23,0
DA:24,0
DA:26,0
DA:27,0
DA:30,0
LF:6
LH:0
BRDA:16,0,0,0
BRDA:16,0,1,0
BRDA:16,0,2,0
BRDA:16,0,3,0
BRDA:26,1,0,0
BRDA:26,1,1,0
BRF:6
BRH:0
end_of_record
TN:
SF:src/Icon/index.tsx
FNF:0
FNH:0
LF:0
LH:0
BRF:0
BRH:0
end_of_record
TN:
SF:src/Ripple/Ripple.tsx
FN:12,(anonymous_0)
FN:36,handleLayout
FN:45,handlePress
FN:52,(anonymous_3)
FN:52,(anonymous_4)
FN:54,(anonymous_5)
FN:59,handleLongPress
FN:64,(anonymous_7)
FN:69,handlePressOut
FN:74,(anonymous_9)
FN:77,(anonymous_10)
FN:78,(anonymous_11)
FN:92,(anonymous_12)
FN:98,(anonymous_13)
FN:102,(anonymous_14)
FNF:15
FNH:0
FNDA:0,(anonymous_0)
FNDA:0,handleLayout
FNDA:0,handlePress
FNDA:0,(anonymous_3)
FNDA:0,(anonymous_4)
FNDA:0,(anonymous_5)
FNDA:0,handleLongPress
FNDA:0,(anonymous_7)
FNDA:0,handlePressOut
FNDA:0,(anonymous_9)
FNDA:0,(anonymous_10)
FNDA:0,(anonymous_11)
FNDA:0,(anonymous_12)
FNDA:0,(anonymous_13)
FNDA:0,(anonymous_14)
DA:12,0
DA:28,0
DA:29,0
DA:33,0
DA:34,0
DA:37,0
DA:38,0
DA:42,0
DA:46,0
DA:47,0
DA:48,0
DA:49,0
DA:52,0
DA:54,0
DA:56,0
DA:60,0
DA:61,0
DA:62,0
DA:63,0
DA:64,0
DA:66,0
DA:70,0
DA:71,0
DA:72,0
DA:73,0
DA:74,0
DA:76,0
DA:77,0
DA:78,0
DA:83,0
DA:86,0
DA:92,0
DA:99,0
DA:103,0
LF:34
LH:0
BRDA:15,0,0,0
BRDA:16,1,0,0
BRDA:17,2,0,0
BRDA:18,3,0,0
BRDA:20,4,0,0
BRDA:21,5,0,0
BRDA:46,6,0,0
BRDA:46,6,1,0
BRDA:52,7,0,0
BRDA:52,7,1,0
BRDA:60,8,0,0
BRDA:60,8,1,0
BRDA:70,9,0,0
BRDA:70,9,1,0
BRDA:72,10,0,0
BRDA:72,10,1,0
BRDA:76,11,0,0
BRDA:76,11,1,0
BRDA:94,12,0,0
BRDA:94,12,1,0
BRDA:101,13,0,0
BRDA:101,13,1,0
BRF:22
BRH:0
end_of_record
TN:
SF:src/Ripple/RippleElement.tsx
FN:5,(anonymous_0)
FNF:1
FNH:0
FNDA:0,(anonymous_0)
DA:5,0
DA:11,0
DA:13,0
DA:28,0
DA:38,0
LF:5
LH:0
BRDA:25,0,0,0
BRDA:25,0,1,0
BRF:2
BRH:0
end_of_record
TN:
SF:src/Ripple/index.tsx
FNF:0
FNH:0
LF:0
LH:0
BRF:0
BRH:0
end_of_record
TN:
SF:src/Style/theming.tsx
FN:32,(anonymous_0)
FN:35,(anonymous_1)
FN:45,(anonymous_2)
FNF:3
FNH:0
FNDA:0,(anonymous_0)
FNDA:0,(anonymous_1)
FNDA:0,(anonymous_2)
DA:21,0
DA:25,0
DA:32,0
DA:33,0
DA:34,0
DA:35,0
DA:38,0
DA:45,0
DA:46,0
LF:9
LH:0
BRF:0
BRH:0
end_of_record
